{"/Users/ian/ghrden01/ian-header-component/client/components/App.jsx": {"path":"/Users/ian/ghrden01/ian-header-component/client/components/App.jsx","statementMap":{"0":{"start":{"line":11,"column":4},"end":{"line":11,"column":16}},"1":{"start":{"line":13,"column":21},"end":{"line":13,"column":26}},"2":{"start":{"line":15,"column":4},"end":{"line":18,"column":5}},"3":{"start":{"line":20,"column":4},"end":{"line":20,"column":57}},"4":{"start":{"line":24,"column":4},"end":{"line":30,"column":8}},"5":{"start":{"line":25,"column":22},"end":{"line":25,"column":35}},"6":{"start":{"line":27,"column":8},"end":{"line":29,"column":9}},"7":{"start":{"line":28,"column":10},"end":{"line":28,"column":72}},"8":{"start":{"line":35,"column":4},"end":{"line":35,"column":27}},"9":{"start":{"line":36,"column":4},"end":{"line":36,"column":51}},"10":{"start":{"line":40,"column":4},"end":{"line":40,"column":28}},"11":{"start":{"line":44,"column":19},"end":{"line":46,"column":5}},"12":{"start":{"line":47,"column":4},"end":{"line":63,"column":5}}},"fnMap":{"0":{"name":"(anonymous_0)","decl":{"start":{"line":10,"column":2},"end":{"line":10,"column":3}},"loc":{"start":{"line":10,"column":21},"end":{"line":21,"column":3}},"line":10},"1":{"name":"(anonymous_1)","decl":{"start":{"line":23,"column":2},"end":{"line":23,"column":3}},"loc":{"start":{"line":23,"column":21},"end":{"line":31,"column":3}},"line":23},"2":{"name":"(anonymous_2)","decl":{"start":{"line":25,"column":12},"end":{"line":25,"column":13}},"loc":{"start":{"line":25,"column":22},"end":{"line":25,"column":35}},"line":25},"3":{"name":"(anonymous_3)","decl":{"start":{"line":26,"column":12},"end":{"line":26,"column":13}},"loc":{"start":{"line":26,"column":20},"end":{"line":30,"column":7}},"line":26},"4":{"name":"(anonymous_4)","decl":{"start":{"line":33,"column":2},"end":{"line":33,"column":3}},"loc":{"start":{"line":33,"column":22},"end":{"line":37,"column":3}},"line":33},"5":{"name":"(anonymous_5)","decl":{"start":{"line":39,"column":2},"end":{"line":39,"column":3}},"loc":{"start":{"line":39,"column":25},"end":{"line":41,"column":3}},"line":39},"6":{"name":"(anonymous_6)","decl":{"start":{"line":43,"column":2},"end":{"line":43,"column":3}},"loc":{"start":{"line":43,"column":11},"end":{"line":64,"column":3}},"line":43}},"branchMap":{"0":{"loc":{"start":{"line":27,"column":8},"end":{"line":29,"column":9}},"type":"if","locations":[{"start":{"line":27,"column":8},"end":{"line":29,"column":9}},{"start":{"line":27,"column":8},"end":{"line":29,"column":9}}],"line":27}},"s":{"0":1,"1":1,"2":1,"3":1,"4":1,"5":0,"6":0,"7":0,"8":1,"9":1,"10":1,"11":1,"12":1},"f":{"0":1,"1":1,"2":0,"3":0,"4":1,"5":1,"6":1},"b":{"0":[0,0]},"_coverageSchema":"43e27e138ebf9cfc5966b082cf9a028302ed4184","hash":"a0afc58c6dec46248a3f4da97fdeaec7c95f879b"}
,"/Users/ian/ghrden01/ian-header-component/client/components/Dropdown.jsx": {"path":"/Users/ian/ghrden01/ian-header-component/client/components/Dropdown.jsx","statementMap":{"0":{"start":{"line":6,"column":4},"end":{"line":6,"column":16}},"1":{"start":{"line":8,"column":4},"end":{"line":11,"column":6}},"2":{"start":{"line":13,"column":4},"end":{"line":13,"column":61}},"3":{"start":{"line":14,"column":4},"end":{"line":14,"column":61}},"4":{"start":{"line":18,"column":4},"end":{"line":18,"column":27}},"5":{"start":{"line":19,"column":24},"end":{"line":19,"column":67}},"6":{"start":{"line":21,"column":4},"end":{"line":23,"column":7}},"7":{"start":{"line":22,"column":6},"end":{"line":22,"column":64}},"8":{"start":{"line":27,"column":2},"end":{"line":29,"column":5}},"9":{"start":{"line":28,"column":4},"end":{"line":28,"column":65}},"10":{"start":{"line":33,"column":26},"end":{"line":33,"column":36}},"11":{"start":{"line":35,"column":4},"end":{"line":40,"column":5}}},"fnMap":{"0":{"name":"(anonymous_0)","decl":{"start":{"line":5,"column":2},"end":{"line":5,"column":3}},"loc":{"start":{"line":5,"column":21},"end":{"line":15,"column":3}},"line":5},"1":{"name":"(anonymous_1)","decl":{"start":{"line":17,"column":2},"end":{"line":17,"column":3}},"loc":{"start":{"line":17,"column":26},"end":{"line":24,"column":4}},"line":17},"2":{"name":"(anonymous_2)","decl":{"start":{"line":21,"column":68},"end":{"line":21,"column":69}},"loc":{"start":{"line":21,"column":74},"end":{"line":23,"column":5}},"line":21},"3":{"name":"(anonymous_3)","decl":{"start":{"line":26,"column":2},"end":{"line":26,"column":3}},"loc":{"start":{"line":26,"column":21},"end":{"line":30,"column":3}},"line":26},"4":{"name":"(anonymous_4)","decl":{"start":{"line":27,"column":40},"end":{"line":27,"column":41}},"loc":{"start":{"line":27,"column":46},"end":{"line":29,"column":3}},"line":27},"5":{"name":"(anonymous_5)","decl":{"start":{"line":32,"column":2},"end":{"line":32,"column":3}},"loc":{"start":{"line":32,"column":11},"end":{"line":41,"column":3}},"line":32}},"branchMap":{"0":{"loc":{"start":{"line":38,"column":10},"end":{"line":38,"column":71}},"type":"binary-expr","locations":[{"start":{"line":38,"column":10},"end":{"line":38,"column":21}},{"start":{"line":38,"column":25},"end":{"line":38,"column":71}}],"line":38}},"s":{"0":3,"1":3,"2":3,"3":3,"4":2,"5":2,"6":2,"7":2,"8":1,"9":1,"10":5,"11":5},"f":{"0":3,"1":2,"2":2,"3":1,"4":1,"5":5},"b":{"0":[5,1]},"_coverageSchema":"43e27e138ebf9cfc5966b082cf9a028302ed4184","hash":"0a3df4cb3a0a9792ab39d7925a7c6273df6b629d"}
,"/Users/ian/ghrden01/ian-header-component/client/components/DropdownMenu.jsx": {"path":"/Users/ian/ghrden01/ian-header-component/client/components/DropdownMenu.jsx","statementMap":{"0":{"start":{"line":7,"column":17},"end":{"line":20,"column":3}},"1":{"start":{"line":22,"column":4},"end":{"line":28,"column":6}}},"fnMap":{"0":{"name":"DropdownMenu","decl":{"start":{"line":5,"column":9},"end":{"line":5,"column":21}},"loc":{"start":{"line":5,"column":31},"end":{"line":29,"column":3}},"line":5}},"branchMap":{},"s":{"0":1,"1":1},"f":{"0":1},"b":{},"_coverageSchema":"43e27e138ebf9cfc5966b082cf9a028302ed4184","hash":"caa34973052dfc41f1f6dbebb7c22a94e6536496"}
,"/Users/ian/ghrden01/ian-header-component/database/index.js": {"path":"/Users/ian/ghrden01/ian-header-component/database/index.js","statementMap":{"0":{"start":{"line":2,"column":17},"end":{"line":2,"column":36}},"1":{"start":{"line":4,"column":19},"end":{"line":4,"column":27}},"2":{"start":{"line":6,"column":0},"end":{"line":6,"column":75}},"3":{"start":{"line":7,"column":19},"end":{"line":7,"column":38}},"4":{"start":{"line":10,"column":21},"end":{"line":13,"column":2}},"5":{"start":{"line":16,"column":15},"end":{"line":16,"column":53}},"6":{"start":{"line":19,"column":18},"end":{"line":21,"column":1}},"7":{"start":{"line":20,"column":2},"end":{"line":20,"column":60}},"8":{"start":{"line":24,"column":13},"end":{"line":34,"column":1}},"9":{"start":{"line":25,"column":20},"end":{"line":28,"column":4}},"10":{"start":{"line":30,"column":2},"end":{"line":33,"column":5}},"11":{"start":{"line":32,"column":4},"end":{"line":32,"column":72}},"12":{"start":{"line":36,"column":0},"end":{"line":36,"column":27}},"13":{"start":{"line":37,"column":0},"end":{"line":37,"column":37}},"14":{"start":{"line":38,"column":0},"end":{"line":38,"column":39}}},"fnMap":{"0":{"name":"(anonymous_0)","decl":{"start":{"line":19,"column":18},"end":{"line":19,"column":19}},"loc":{"start":{"line":19,"column":26},"end":{"line":21,"column":1}},"line":19},"1":{"name":"(anonymous_1)","decl":{"start":{"line":24,"column":13},"end":{"line":24,"column":14}},"loc":{"start":{"line":24,"column":25},"end":{"line":34,"column":1}},"line":24},"2":{"name":"(anonymous_2)","decl":{"start":{"line":30,"column":17},"end":{"line":30,"column":18}},"loc":{"start":{"line":30,"column":26},"end":{"line":33,"column":3}},"line":30}},"branchMap":{"0":{"loc":{"start":{"line":32,"column":4},"end":{"line":32,"column":72}},"type":"cond-expr","locations":[{"start":{"line":32,"column":10},"end":{"line":32,"column":26}},{"start":{"line":32,"column":29},"end":{"line":32,"column":72}}],"line":32}},"s":{"0":1,"1":1,"2":1,"3":1,"4":1,"5":1,"6":1,"7":3,"8":1,"9":0,"10":0,"11":0,"12":1,"13":1,"14":1},"f":{"0":3,"1":0,"2":0},"b":{"0":[0,0]},"_coverageSchema":"43e27e138ebf9cfc5966b082cf9a028302ed4184","hash":"c547d77fbf2ec950a5210f2d7720766780300b1a"}
}
