TN:
SF:/Users/ian/ghrden01/ian-header-component/client/App.jsx
FN:10,(anonymous_0)
FN:23,(anonymous_1)
FN:25,(anonymous_2)
FN:26,(anonymous_3)
FN:33,(anonymous_4)
FN:39,(anonymous_5)
FN:43,(anonymous_6)
FNF:7
FNH:5
FNDA:1,(anonymous_0)
FNDA:1,(anonymous_1)
FNDA:0,(anonymous_2)
FNDA:0,(anonymous_3)
FNDA:1,(anonymous_4)
FNDA:1,(anonymous_5)
FNDA:1,(anonymous_6)
DA:11,1
DA:13,1
DA:15,1
DA:20,1
DA:24,1
DA:25,0
DA:27,0
DA:28,0
DA:35,1
DA:36,1
DA:40,1
DA:44,1
DA:47,1
LF:13
LH:10
BRDA:27,0,0,0
BRDA:27,0,1,0
BRF:2
BRH:0
end_of_record
TN:
SF:/Users/ian/ghrden01/ian-header-component/client/components/Dropdown.jsx
FN:4,(anonymous_0)
FN:16,(anonymous_1)
FN:18,(anonymous_2)
FN:23,(anonymous_3)
FN:24,(anonymous_4)
FN:29,(anonymous_5)
FNF:6
FNH:6
FNDA:3,(anonymous_0)
FNDA:2,(anonymous_1)
FNDA:2,(anonymous_2)
FNDA:1,(anonymous_3)
FNDA:1,(anonymous_4)
FNDA:5,(anonymous_5)
DA:5,3
DA:7,3
DA:11,3
DA:12,3
DA:17,2
DA:18,2
DA:19,2
DA:24,1
DA:25,1
DA:30,5
LF:10
LH:10
BRDA:34,0,0,1
BRDA:34,0,1,4
BRF:2
BRH:2
end_of_record
TN:
SF:/Users/ian/ghrden01/ian-header-component/database/index.js
FN:19,(anonymous_0)
FN:24,(anonymous_1)
FN:30,(anonymous_2)
FNF:3
FNH:1
FNDA:3,(anonymous_0)
FNDA:0,(anonymous_1)
FNDA:0,(anonymous_2)
DA:2,1
DA:4,1
DA:6,1
DA:7,1
DA:10,1
DA:16,1
DA:19,1
DA:20,3
DA:24,1
DA:25,0
DA:30,0
DA:32,0
DA:36,1
DA:37,1
DA:38,1
LF:15
LH:12
BRDA:32,0,0,0
BRDA:32,0,1,0
BRF:2
BRH:0
end_of_record
